During startup - Warning message:
Setting LC_CTYPE failed, using "C" 
Loading required package: apex
Loading required package: methods
Loading required package: ape
Loading required package: phangorn
Loading required package: adegenet
Loading required package: ade4

   /// adegenet 2.0.1 is loaded ////////////

   > overview: '?adegenet'
   > tutorials/doc/questions: 'adegenetWeb()' 
   > bug reports/feature requests: adegenetIssues()


Loading required package: data.table
During startup - Warning message:
Setting LC_CTYPE failed, using "C" 
During startup - Warning message:
Setting LC_CTYPE failed, using "C" 
During startup - Warning message:
Setting LC_CTYPE failed, using "C" 
During startup - Warning message:
Setting LC_CTYPE failed, using "C" 
During startup - Warning message:
Setting LC_CTYPE failed, using "C" 
During startup - Warning message:
Setting LC_CTYPE failed, using "C" 
During startup - Warning message:
Setting LC_CTYPE failed, using "C" 
During startup - Warning message:
Setting LC_CTYPE failed, using "C" 
During startup - Warning message:
Setting LC_CTYPE failed, using "C" 
During startup - Warning message:
Setting LC_CTYPE failed, using "C" 
During startup - Warning message:
Setting LC_CTYPE failed, using "C" 
During startup - Warning message:
Setting LC_CTYPE failed, using "C" 
During startup - Warning message:
Setting LC_CTYPE failed, using "C" 
During startup - Warning message:
Setting LC_CTYPE failed, using "C" 
During startup - Warning message:
Setting LC_CTYPE failed, using "C" 
During startup - Warning message:
Setting LC_CTYPE failed, using "C" 
During startup - Warning message:
Setting LC_CTYPE failed, using "C" 
During startup - Warning message:
Setting LC_CTYPE failed, using "C" 
During startup - Warning message:
Setting LC_CTYPE failed, using "C" 
During startup - Warning message:
Setting LC_CTYPE failed, using "C" 
[[1]]
 [1] "strataG"         "adegenet"        "ade4"            "apex"           
 [5] "phangorn"        "ape"             "methods"         "stats"          
 [9] "graphics"        "grDevices"       "utils"           "datasets"       
[13] "base"            "splitstackshape" "data.table"      "strataG"        
[17] "adegenet"        "ade4"            "apex"            "phangorn"       
[21] "ape"             "methods"         "stats"           "graphics"       
[25] "grDevices"       "utils"           "datasets"        "base"           

[[2]]
 [1] "strataG"         "adegenet"        "ade4"            "apex"           
 [5] "phangorn"        "ape"             "methods"         "stats"          
 [9] "graphics"        "grDevices"       "utils"           "datasets"       
[13] "base"            "splitstackshape" "data.table"      "strataG"        
[17] "adegenet"        "ade4"            "apex"            "phangorn"       
[21] "ape"             "methods"         "stats"           "graphics"       
[25] "grDevices"       "utils"           "datasets"        "base"           

[[3]]
 [1] "strataG"         "adegenet"        "ade4"            "apex"           
 [5] "phangorn"        "ape"             "methods"         "stats"          
 [9] "graphics"        "grDevices"       "utils"           "datasets"       
[13] "base"            "splitstackshape" "data.table"      "strataG"        
[17] "adegenet"        "ade4"            "apex"            "phangorn"       
[21] "ape"             "methods"         "stats"           "graphics"       
[25] "grDevices"       "utils"           "datasets"        "base"           

[[4]]
 [1] "strataG"         "adegenet"        "ade4"            "apex"           
 [5] "phangorn"        "ape"             "methods"         "stats"          
 [9] "graphics"        "grDevices"       "utils"           "datasets"       
[13] "base"            "splitstackshape" "data.table"      "strataG"        
[17] "adegenet"        "ade4"            "apex"            "phangorn"       
[21] "ape"             "methods"         "stats"           "graphics"       
[25] "grDevices"       "utils"           "datasets"        "base"           

[[5]]
 [1] "strataG"         "adegenet"        "ade4"            "apex"           
 [5] "phangorn"        "ape"             "methods"         "stats"          
 [9] "graphics"        "grDevices"       "utils"           "datasets"       
[13] "base"            "splitstackshape" "data.table"      "strataG"        
[17] "adegenet"        "ade4"            "apex"            "phangorn"       
[21] "ape"             "methods"         "stats"           "graphics"       
[25] "grDevices"       "utils"           "datasets"        "base"           

[[6]]
 [1] "strataG"         "adegenet"        "ade4"            "apex"           
 [5] "phangorn"        "ape"             "methods"         "stats"          
 [9] "graphics"        "grDevices"       "utils"           "datasets"       
[13] "base"            "splitstackshape" "data.table"      "strataG"        
[17] "adegenet"        "ade4"            "apex"            "phangorn"       
[21] "ape"             "methods"         "stats"           "graphics"       
[25] "grDevices"       "utils"           "datasets"        "base"           

[[7]]
 [1] "strataG"         "adegenet"        "ade4"            "apex"           
 [5] "phangorn"        "ape"             "methods"         "stats"          
 [9] "graphics"        "grDevices"       "utils"           "datasets"       
[13] "base"            "splitstackshape" "data.table"      "strataG"        
[17] "adegenet"        "ade4"            "apex"            "phangorn"       
[21] "ape"             "methods"         "stats"           "graphics"       
[25] "grDevices"       "utils"           "datasets"        "base"           

[[8]]
 [1] "strataG"         "adegenet"        "ade4"            "apex"           
 [5] "phangorn"        "ape"             "methods"         "stats"          
 [9] "graphics"        "grDevices"       "utils"           "datasets"       
[13] "base"            "splitstackshape" "data.table"      "strataG"        
[17] "adegenet"        "ade4"            "apex"            "phangorn"       
[21] "ape"             "methods"         "stats"           "graphics"       
[25] "grDevices"       "utils"           "datasets"        "base"           

[[9]]
 [1] "strataG"         "adegenet"        "ade4"            "apex"           
 [5] "phangorn"        "ape"             "methods"         "stats"          
 [9] "graphics"        "grDevices"       "utils"           "datasets"       
[13] "base"            "splitstackshape" "data.table"      "strataG"        
[17] "adegenet"        "ade4"            "apex"            "phangorn"       
[21] "ape"             "methods"         "stats"           "graphics"       
[25] "grDevices"       "utils"           "datasets"        "base"           

[[10]]
 [1] "strataG"         "adegenet"        "ade4"            "apex"           
 [5] "phangorn"        "ape"             "methods"         "stats"          
 [9] "graphics"        "grDevices"       "utils"           "datasets"       
[13] "base"            "splitstackshape" "data.table"      "strataG"        
[17] "adegenet"        "ade4"            "apex"            "phangorn"       
[21] "ape"             "methods"         "stats"           "graphics"       
[25] "grDevices"       "utils"           "datasets"        "base"           

[[11]]
 [1] "strataG"         "adegenet"        "ade4"            "apex"           
 [5] "phangorn"        "ape"             "methods"         "stats"          
 [9] "graphics"        "grDevices"       "utils"           "datasets"       
[13] "base"            "splitstackshape" "data.table"      "strataG"        
[17] "adegenet"        "ade4"            "apex"            "phangorn"       
[21] "ape"             "methods"         "stats"           "graphics"       
[25] "grDevices"       "utils"           "datasets"        "base"           

[[12]]
 [1] "strataG"         "adegenet"        "ade4"            "apex"           
 [5] "phangorn"        "ape"             "methods"         "stats"          
 [9] "graphics"        "grDevices"       "utils"           "datasets"       
[13] "base"            "splitstackshape" "data.table"      "strataG"        
[17] "adegenet"        "ade4"            "apex"            "phangorn"       
[21] "ape"             "methods"         "stats"           "graphics"       
[25] "grDevices"       "utils"           "datasets"        "base"           

[[13]]
 [1] "strataG"         "adegenet"        "ade4"            "apex"           
 [5] "phangorn"        "ape"             "methods"         "stats"          
 [9] "graphics"        "grDevices"       "utils"           "datasets"       
[13] "base"            "splitstackshape" "data.table"      "strataG"        
[17] "adegenet"        "ade4"            "apex"            "phangorn"       
[21] "ape"             "methods"         "stats"           "graphics"       
[25] "grDevices"       "utils"           "datasets"        "base"           

[[14]]
 [1] "strataG"         "adegenet"        "ade4"            "apex"           
 [5] "phangorn"        "ape"             "methods"         "stats"          
 [9] "graphics"        "grDevices"       "utils"           "datasets"       
[13] "base"            "splitstackshape" "data.table"      "strataG"        
[17] "adegenet"        "ade4"            "apex"            "phangorn"       
[21] "ape"             "methods"         "stats"           "graphics"       
[25] "grDevices"       "utils"           "datasets"        "base"           

[[15]]
 [1] "strataG"         "adegenet"        "ade4"            "apex"           
 [5] "phangorn"        "ape"             "methods"         "stats"          
 [9] "graphics"        "grDevices"       "utils"           "datasets"       
[13] "base"            "splitstackshape" "data.table"      "strataG"        
[17] "adegenet"        "ade4"            "apex"            "phangorn"       
[21] "ape"             "methods"         "stats"           "graphics"       
[25] "grDevices"       "utils"           "datasets"        "base"           

[[16]]
 [1] "strataG"         "adegenet"        "ade4"            "apex"           
 [5] "phangorn"        "ape"             "methods"         "stats"          
 [9] "graphics"        "grDevices"       "utils"           "datasets"       
[13] "base"            "splitstackshape" "data.table"      "strataG"        
[17] "adegenet"        "ade4"            "apex"            "phangorn"       
[21] "ape"             "methods"         "stats"           "graphics"       
[25] "grDevices"       "utils"           "datasets"        "base"           

[[17]]
 [1] "strataG"         "adegenet"        "ade4"            "apex"           
 [5] "phangorn"        "ape"             "methods"         "stats"          
 [9] "graphics"        "grDevices"       "utils"           "datasets"       
[13] "base"            "splitstackshape" "data.table"      "strataG"        
[17] "adegenet"        "ade4"            "apex"            "phangorn"       
[21] "ape"             "methods"         "stats"           "graphics"       
[25] "grDevices"       "utils"           "datasets"        "base"           

[[18]]
 [1] "strataG"         "adegenet"        "ade4"            "apex"           
 [5] "phangorn"        "ape"             "methods"         "stats"          
 [9] "graphics"        "grDevices"       "utils"           "datasets"       
[13] "base"            "splitstackshape" "data.table"      "strataG"        
[17] "adegenet"        "ade4"            "apex"            "phangorn"       
[21] "ape"             "methods"         "stats"           "graphics"       
[25] "grDevices"       "utils"           "datasets"        "base"           

[[19]]
 [1] "strataG"         "adegenet"        "ade4"            "apex"           
 [5] "phangorn"        "ape"             "methods"         "stats"          
 [9] "graphics"        "grDevices"       "utils"           "datasets"       
[13] "base"            "splitstackshape" "data.table"      "strataG"        
[17] "adegenet"        "ade4"            "apex"            "phangorn"       
[21] "ape"             "methods"         "stats"           "graphics"       
[25] "grDevices"       "utils"           "datasets"        "base"           

[[20]]
 [1] "strataG"         "adegenet"        "ade4"            "apex"           
 [5] "phangorn"        "ape"             "methods"         "stats"          
 [9] "graphics"        "grDevices"       "utils"           "datasets"       
[13] "base"            "splitstackshape" "data.table"      "strataG"        
[17] "adegenet"        "ade4"            "apex"            "phangorn"       
[21] "ape"             "methods"         "stats"           "graphics"       
[25] "grDevices"       "utils"           "datasets"        "base"           

